[debug] [2024-08-23T23:50:40.337Z] ----------------------------------------------------------------------
[debug] [2024-08-23T23:50:40.339Z] Command:       C:\Program Files\nodejs\node.exe C:\Users\Administrator\AppData\Roaming\npm\node_modules\firebase-tools\lib\bin\firebase.js init
[debug] [2024-08-23T23:50:40.339Z] CLI Version:   13.15.4
[debug] [2024-08-23T23:50:40.339Z] Platform:      win32
[debug] [2024-08-23T23:50:40.340Z] Node Version:  v20.17.0
[debug] [2024-08-23T23:50:40.340Z] Time:          Fri Aug 23 2024 20:50:40 GMT-0300 (Horário Padrão de Brasília)
[debug] [2024-08-23T23:50:40.340Z] ----------------------------------------------------------------------
[debug] 
[debug] [2024-08-23T23:50:40.391Z] > command requires scopes: ["email","openid","https://www.googleapis.com/auth/cloudplatformprojects.readonly","https://www.googleapis.com/auth/firebase","https://www.googleapis.com/auth/cloud-platform"]
[debug] [2024-08-23T23:50:40.391Z] > authorizing via signed-in user (eduardo.franciscosilva@ufrpe.br)
[info] 
     ######## #### ########  ######## ########     ###     ######  ########
     ##        ##  ##     ## ##       ##     ##  ##   ##  ##       ##
     ######    ##  ########  ######   ########  #########  ######  ######
     ##        ##  ##    ##  ##       ##     ## ##     ##       ## ##
     ##       #### ##     ## ######## ########  ##     ##  ######  ########

You're about to initialize a Firebase project in this directory:

  C:\Users\Administrator\Documents\GitHub\Projeto-GETA

Before we get started, keep in mind:

  * You are initializing within an existing Firebase project directory

